2023-06-11 11:59:23,930 [INFO] xr1 : Connecting 
2023-06-11 11:59:23,931 [INFO] xe1 : Connecting 
2023-06-11 11:59:23,931 [INFO] xe2 : Connecting 
2023-06-11 11:59:24,029 [INFO] Connected (version 2.0, client Cisco-1.25)
2023-06-11 11:59:24,030 [INFO] Connected (version 2.0, client Cisco-1.25)
2023-06-11 11:59:24,215 [INFO] Connected (version 2.0, client Cisco-2.0)
2023-06-11 11:59:24,516 [INFO] Authentication (password) successful!
2023-06-11 11:59:24,518 [INFO] Authentication (password) successful!
2023-06-11 11:59:24,833 [INFO] Authentication (password) successful!
2023-06-11 11:59:25,607 [WARNING] xr1 : Connect success
2023-06-11 11:59:25,672 [INFO] xr1 : Entered enable mode
2023-06-11 11:59:26,202 [INFO] xr1 : Command 'show interfaces' sent
2023-06-11 11:59:26,216 [INFO] xr1 : [1] Parsing success for template 'show interfaces 1'
2023-06-11 11:59:26,216 [INFO] xr1 : Export success to out/getCRC/show interfaces_2023-06-11_11-59.csv
2023-06-11 11:59:26,251 [INFO] xr1 : Disconnected succcessfully
2023-06-11 11:59:27,749 [WARNING] xe2 : Connect success
2023-06-11 11:59:27,750 [WARNING] xe1 : Connect success
2023-06-11 11:59:27,949 [INFO] xe2 : Entered enable mode
2023-06-11 11:59:27,974 [INFO] xe1 : Entered enable mode
2023-06-11 11:59:28,083 [INFO] xe2 : Command 'show interfaces' sent
2023-06-11 11:59:28,087 [INFO] xe2 : [1] Parsing success for template 'show interfaces 1'
2023-06-11 11:59:28,088 [INFO] xe2 : Export success to out/getCRC/show interfaces_2023-06-11_11-59.csv
2023-06-11 11:59:28,114 [INFO] xe2 : Disconnected succcessfully
2023-06-11 11:59:28,145 [INFO] xe1 : Command 'show interfaces' sent
2023-06-11 11:59:28,152 [INFO] xe1 : [1] Parsing success for template 'show interfaces 1'
2023-06-11 11:59:28,152 [INFO] xe1 : Export success to out/getCRC/show interfaces_2023-06-11_11-59.csv
2023-06-11 11:59:28,189 [INFO] xe1 : Disconnected succcessfully
