2023-06-11 11:58:07,660 [INFO] xe2 : Connecting 
2023-06-11 11:58:07,660 [INFO] xe1 : Connecting 
2023-06-11 11:58:07,660 [INFO] xr1 : Connecting 
2023-06-11 11:58:07,709 [INFO] Connected (version 2.0, client Cisco-1.25)
2023-06-11 11:58:07,709 [INFO] Connected (version 2.0, client Cisco-1.25)
2023-06-11 11:58:07,904 [INFO] Connected (version 2.0, client Cisco-2.0)
2023-06-11 11:58:08,270 [INFO] Authentication (password) successful!
2023-06-11 11:58:08,373 [INFO] Authentication (password) successful!
2023-06-11 11:58:08,554 [INFO] Authentication (password) successful!
2023-06-11 11:58:08,745 [WARNING] xe2 : Connect success
2023-06-11 11:58:08,816 [WARNING] xe1 : Connect success
2023-06-11 11:58:09,078 [INFO] xe1 : Entered enable mode
2023-06-11 11:58:09,130 [INFO] xe2 : Entered enable mode
2023-06-11 11:58:09,155 [WARNING] xr1 : Connect success
2023-06-11 11:58:09,218 [INFO] xe1 : Command 'show environment' sent
2023-06-11 11:58:09,219 [ERROR] xe1 : Command [show environment] Failed, trying [show env all]
2023-06-11 11:58:09,273 [INFO] xe2 : Command 'show environment' sent
2023-06-11 11:58:09,274 [ERROR] xe2 : Command [show environment] Failed, trying [show env all]
2023-06-11 11:58:09,300 [INFO] xr1 : Entered enable mode
2023-06-11 11:58:09,352 [INFO] xe1 : Command 'show env all' sent
2023-06-11 11:58:09,353 [ERROR] xe1 : Output return empty for command [show env all]
2023-06-11 11:58:09,354 [ERROR] xe1 : Parsing failed after [0] tries.
2023-06-11 11:58:09,392 [INFO] xe1 : Disconnected succcessfully
2023-06-11 11:58:09,527 [INFO] xe2 : Command 'show env all' sent
2023-06-11 11:58:09,528 [ERROR] xe2 : Output return empty for command [show env all]
2023-06-11 11:58:09,529 [ERROR] xe2 : Parsing failed after [0] tries.
2023-06-11 11:58:09,565 [INFO] xe2 : Disconnected succcessfully
2023-06-11 11:58:24,425 [ERROR] xr1 : [1] Exception sending command 'show environment'
2023-06-11 11:58:24,898 [INFO] xr1 : Command 'show environment' sent
2023-06-11 11:58:24,899 [ERROR] xr1 : Command [show environment] Failed, trying [show env all]
2023-06-11 11:58:25,018 [INFO] xr1 : Command 'show env all' sent
2023-06-11 11:58:25,019 [ERROR] xr1 : Output return empty for command [show env all]
2023-06-11 11:58:25,020 [ERROR] xr1 : Parsing failed after [0] tries.
2023-06-11 11:58:25,059 [INFO] xr1 : Disconnected succcessfully
